<?xml version="1.0" encoding="UTF-8"?>
<robot generator="Robot 4.0 (Python 3.8.5 on linux)" generated="20210320 22:09:56.271" rpa="false" schemaversion="2">
<suite id="s1" name="1" source="/home/arsi/amk-year3/robot/week1/1.robot">
<test id="s1-t1" name="Remove address file">
<kw name="Remove existing address file">
<arg>${FNAME}</arg>
<kw name="File Should Exist" library="OperatingSystem">
<arg>${fname}</arg>
<doc>Fails unless the given ``path`` points to an existing file.</doc>
<msg timestamp="20210320 22:09:56.738" level="INFO" html="true">File '&lt;a href="file:///home/arsi/amk-year3/robot/week1/test"&gt;/home/arsi/amk-year3/robot/week1/test&lt;/a&gt;' exists.</msg>
<status status="PASS" starttime="20210320 22:09:56.737" endtime="20210320 22:09:56.738"/>
</kw>
<kw name="Get File" library="OperatingSystem">
<var>${file}</var>
<arg>${fname}</arg>
<doc>Returns the contents of a specified file.</doc>
<msg timestamp="20210320 22:09:56.738" level="INFO" html="true">Getting file '&lt;a href="file:///home/arsi/amk-year3/robot/week1/test"&gt;/home/arsi/amk-year3/robot/week1/test&lt;/a&gt;'.</msg>
<msg timestamp="20210320 22:09:56.739" level="INFO">${file} = Maria Martikainen
Castréninbulevardi 75
26876 Tampere</msg>
<status status="PASS" starttime="20210320 22:09:56.738" endtime="20210320 22:09:56.739"/>
</kw>
<kw name="Get Line" library="String">
<var>${line0}</var>
<arg>${file}</arg>
<arg>0</arg>
<doc>Returns the specified line from the given ``string``.</doc>
<msg timestamp="20210320 22:09:56.739" level="INFO">${line0} = Maria Martikainen</msg>
<status status="PASS" starttime="20210320 22:09:56.739" endtime="20210320 22:09:56.739"/>
</kw>
<kw name="Log" library="BuiltIn">
<arg>${line0}</arg>
<doc>Logs the given message with the given level.</doc>
<msg timestamp="20210320 22:09:56.739" level="INFO">Maria Martikainen</msg>
<status status="PASS" starttime="20210320 22:09:56.739" endtime="20210320 22:09:56.739"/>
</kw>
<kw name="Remove File" library="OperatingSystem">
<arg>${fname}</arg>
<doc>Removes a file with the given path.</doc>
<msg timestamp="20210320 22:09:56.740" level="INFO" html="true">Removed file '&lt;a href="file:///home/arsi/amk-year3/robot/week1/test"&gt;/home/arsi/amk-year3/robot/week1/test&lt;/a&gt;'.</msg>
<status status="PASS" starttime="20210320 22:09:56.739" endtime="20210320 22:09:56.740"/>
</kw>
<kw name="Wait Until Removed" library="OperatingSystem">
<arg>${fname}</arg>
<doc>Waits until the given file or directory is removed.</doc>
<msg timestamp="20210320 22:09:56.741" level="INFO" html="true">'&lt;a href="file:///home/arsi/amk-year3/robot/week1/test"&gt;/home/arsi/amk-year3/robot/week1/test&lt;/a&gt;' was removed.</msg>
<status status="PASS" starttime="20210320 22:09:56.740" endtime="20210320 22:09:56.741"/>
</kw>
<kw name="File Should Not Exist" library="OperatingSystem">
<arg>${fname}</arg>
<doc>Fails if the given path points to an existing file.</doc>
<msg timestamp="20210320 22:09:56.741" level="INFO" html="true">File '&lt;a href="file:///home/arsi/amk-year3/robot/week1/test"&gt;/home/arsi/amk-year3/robot/week1/test&lt;/a&gt;' does not exist.</msg>
<status status="PASS" starttime="20210320 22:09:56.741" endtime="20210320 22:09:56.741"/>
</kw>
<status status="PASS" starttime="20210320 22:09:56.737" endtime="20210320 22:09:56.741"/>
</kw>
<status status="PASS" starttime="20210320 22:09:56.736" endtime="20210320 22:09:56.742"/>
</test>
<test id="s1-t2" name="Create address file">
<kw name="Get address file content">
<var>${file_content}</var>
<kw name="Get random names">
<var>@{names}</var>
<arg>5</arg>
<kw name="Should Be True" library="BuiltIn">
<arg>${count} &gt;= 1</arg>
<doc>Fails if the given condition is not true.</doc>
<status status="PASS" starttime="20210320 22:09:56.744" endtime="20210320 22:09:56.744"/>
</kw>
<kw name="Create List" library="BuiltIn">
<var>${names}</var>
<doc>Returns a list containing given items.</doc>
<msg timestamp="20210320 22:09:56.745" level="INFO">${names} = []</msg>
<status status="PASS" starttime="20210320 22:09:56.744" endtime="20210320 22:09:56.745"/>
</kw>
<for flavor="IN RANGE">
<var>${i}</var>
<value>0</value>
<value>${count}</value>
<iter>
<var name="${i}">0</var>
<kw name="Name" library="FakerLibrary">
<var>${name}</var>
<doc>:example 'John Doe'</doc>
<msg timestamp="20210320 22:09:56.746" level="INFO">${name} = Anni Miettinen</msg>
<status status="PASS" starttime="20210320 22:09:56.745" endtime="20210320 22:09:56.746"/>
</kw>
<kw name="Log To Console" library="BuiltIn">
<arg>${name} \n</arg>
<doc>Logs the given message to the console.</doc>
<status status="PASS" starttime="20210320 22:09:56.746" endtime="20210320 22:09:56.747"/>
</kw>
<kw name="Append To List" library="Collections">
<arg>${names}</arg>
<arg>${name}</arg>
<doc>Adds ``values`` to the end of ``list``.</doc>
<status status="PASS" starttime="20210320 22:09:56.747" endtime="20210320 22:09:56.747"/>
</kw>
<status status="PASS" starttime="20210320 22:09:56.745" endtime="20210320 22:09:56.747"/>
</iter>
<iter>
<var name="${i}">1</var>
<kw name="Name" library="FakerLibrary">
<var>${name}</var>
<doc>:example 'John Doe'</doc>
<msg timestamp="20210320 22:09:56.748" level="INFO">${name} = Tuula Halme</msg>
<status status="PASS" starttime="20210320 22:09:56.747" endtime="20210320 22:09:56.748"/>
</kw>
<kw name="Log To Console" library="BuiltIn">
<arg>${name} \n</arg>
<doc>Logs the given message to the console.</doc>
<status status="PASS" starttime="20210320 22:09:56.748" endtime="20210320 22:09:56.748"/>
</kw>
<kw name="Append To List" library="Collections">
<arg>${names}</arg>
<arg>${name}</arg>
<doc>Adds ``values`` to the end of ``list``.</doc>
<status status="PASS" starttime="20210320 22:09:56.749" endtime="20210320 22:09:56.749"/>
</kw>
<status status="PASS" starttime="20210320 22:09:56.747" endtime="20210320 22:09:56.749"/>
</iter>
<iter>
<var name="${i}">2</var>
<kw name="Name" library="FakerLibrary">
<var>${name}</var>
<doc>:example 'John Doe'</doc>
<msg timestamp="20210320 22:09:56.749" level="INFO">${name} = Irene Sjöblom</msg>
<status status="PASS" starttime="20210320 22:09:56.749" endtime="20210320 22:09:56.749"/>
</kw>
<kw name="Log To Console" library="BuiltIn">
<arg>${name} \n</arg>
<doc>Logs the given message to the console.</doc>
<status status="PASS" starttime="20210320 22:09:56.749" endtime="20210320 22:09:56.750"/>
</kw>
<kw name="Append To List" library="Collections">
<arg>${names}</arg>
<arg>${name}</arg>
<doc>Adds ``values`` to the end of ``list``.</doc>
<status status="PASS" starttime="20210320 22:09:56.750" endtime="20210320 22:09:56.750"/>
</kw>
<status status="PASS" starttime="20210320 22:09:56.749" endtime="20210320 22:09:56.750"/>
</iter>
<iter>
<var name="${i}">3</var>
<kw name="Name" library="FakerLibrary">
<var>${name}</var>
<doc>:example 'John Doe'</doc>
<msg timestamp="20210320 22:09:56.751" level="INFO">${name} = Juhani Mäkelä-Rönkkö</msg>
<status status="PASS" starttime="20210320 22:09:56.751" endtime="20210320 22:09:56.751"/>
</kw>
<kw name="Log To Console" library="BuiltIn">
<arg>${name} \n</arg>
<doc>Logs the given message to the console.</doc>
<status status="PASS" starttime="20210320 22:09:56.751" endtime="20210320 22:09:56.752"/>
</kw>
<kw name="Append To List" library="Collections">
<arg>${names}</arg>
<arg>${name}</arg>
<doc>Adds ``values`` to the end of ``list``.</doc>
<status status="PASS" starttime="20210320 22:09:56.752" endtime="20210320 22:09:56.752"/>
</kw>
<status status="PASS" starttime="20210320 22:09:56.751" endtime="20210320 22:09:56.752"/>
</iter>
<iter>
<var name="${i}">4</var>
<kw name="Name" library="FakerLibrary">
<var>${name}</var>
<doc>:example 'John Doe'</doc>
<msg timestamp="20210320 22:09:56.753" level="INFO">${name} = Kalervo Ojala</msg>
<status status="PASS" starttime="20210320 22:09:56.752" endtime="20210320 22:09:56.753"/>
</kw>
<kw name="Log To Console" library="BuiltIn">
<arg>${name} \n</arg>
<doc>Logs the given message to the console.</doc>
<status status="PASS" starttime="20210320 22:09:56.753" endtime="20210320 22:09:56.753"/>
</kw>
<kw name="Append To List" library="Collections">
<arg>${names}</arg>
<arg>${name}</arg>
<doc>Adds ``values`` to the end of ``list``.</doc>
<status status="PASS" starttime="20210320 22:09:56.753" endtime="20210320 22:09:56.754"/>
</kw>
<status status="PASS" starttime="20210320 22:09:56.752" endtime="20210320 22:09:56.754"/>
</iter>
<status status="PASS" starttime="20210320 22:09:56.745" endtime="20210320 22:09:56.754"/>
</for>
<kw name="Log To Console" library="BuiltIn">
<arg>${names}</arg>
<doc>Logs the given message to the console.</doc>
<status status="PASS" starttime="20210320 22:09:56.754" endtime="20210320 22:09:56.755"/>
</kw>
<kw name="Return From Keyword" library="BuiltIn">
<arg>${names}</arg>
<doc>Returns from the enclosing user keyword.</doc>
<msg timestamp="20210320 22:09:56.755" level="INFO">Returning from the enclosing user keyword.</msg>
<status status="PASS" starttime="20210320 22:09:56.755" endtime="20210320 22:09:56.755"/>
</kw>
<msg timestamp="20210320 22:09:56.755" level="INFO">@{names} = [ Anni Miettinen | Tuula Halme | Irene Sjöblom | Juhani Mäkelä-Rönkkö | Kalervo Ojala ]</msg>
<status status="PASS" starttime="20210320 22:09:56.744" endtime="20210320 22:09:56.755"/>
</kw>
<kw name="Get Selections From User" library="Dialogs">
<var>${name}</var>
<arg>Choose a name</arg>
<arg>@{names}</arg>
<doc>Pauses test execution and asks user to select multiple values.</doc>
<msg timestamp="20210320 22:09:58.381" level="INFO">${name} = ['Juhani Mäkelä-Rönkkö']</msg>
<status status="PASS" starttime="20210320 22:09:56.755" endtime="20210320 22:09:58.382"/>
</kw>
<kw name="Log To Console" library="BuiltIn">
<arg>user selected ${name}</arg>
<doc>Logs the given message to the console.</doc>
<status status="PASS" starttime="20210320 22:09:58.382" endtime="20210320 22:09:58.386"/>
</kw>
<kw name="Convert To String" library="BuiltIn">
<var>${name}</var>
<arg>${name}</arg>
<doc>Converts the given item to a Unicode string.</doc>
<msg timestamp="20210320 22:09:58.388" level="INFO">${name} = ['Juhani Mäkelä-Rönkkö']</msg>
<status status="PASS" starttime="20210320 22:09:58.387" endtime="20210320 22:09:58.388"/>
</kw>
<kw name="Remove String Using Regexp" library="String">
<var>${name}</var>
<arg>${name}</arg>
<arg>['\[\]]*</arg>
<doc>Removes ``patterns`` from the given ``string``.</doc>
<msg timestamp="20210320 22:09:58.390" level="INFO">${name} = Juhani Mäkelä-Rönkkö</msg>
<status status="PASS" starttime="20210320 22:09:58.389" endtime="20210320 22:09:58.390"/>
</kw>
<kw name="Log To Console" library="BuiltIn">
<arg>stripped name: ${name}\n</arg>
<doc>Logs the given message to the console.</doc>
<status status="PASS" starttime="20210320 22:09:58.390" endtime="20210320 22:09:58.391"/>
</kw>
<kw name="Address" library="FakerLibrary">
<var>${address}</var>
<doc>:example '791 Crist Parks, Sashabury, IL 86039-9874'</doc>
<msg timestamp="20210320 22:09:58.392" level="INFO">${address} = Tyynylaavankuja 684
89374 Somero</msg>
<status status="PASS" starttime="20210320 22:09:58.391" endtime="20210320 22:09:58.392"/>
</kw>
<kw name="Split String" library="String">
<var>${address_lines}</var>
<arg>${address}</arg>
<arg>${\n}</arg>
<doc>Splits the ``string`` using ``separator`` as a delimiter string.</doc>
<msg timestamp="20210320 22:09:58.392" level="INFO">${address_lines} = ['Tyynylaavankuja 684', '89374 Somero']</msg>
<status status="PASS" starttime="20210320 22:09:58.392" endtime="20210320 22:09:58.392"/>
</kw>
<kw name="Format String" library="String">
<var>${file_content}</var>
<arg>{a}\n{b}\n{c}</arg>
<arg>a=${name}</arg>
<arg>b=${address_lines}[0]</arg>
<arg>c=${address_lines}[1]</arg>
<doc>Formats a ``template`` using the given ``positional`` and ``named`` arguments.</doc>
<msg timestamp="20210320 22:09:58.394" level="INFO">${file_content} = Juhani Mäkelä-Rönkkö
Tyynylaavankuja 684
89374 Somero</msg>
<status status="PASS" starttime="20210320 22:09:58.393" endtime="20210320 22:09:58.394"/>
</kw>
<msg timestamp="20210320 22:09:58.395" level="INFO">${file_content} = Juhani Mäkelä-Rönkkö
Tyynylaavankuja 684
89374 Somero</msg>
<status status="PASS" starttime="20210320 22:09:56.743" endtime="20210320 22:09:58.395"/>
</kw>
<kw name="Log To Console" library="BuiltIn">
<arg>${file_content}</arg>
<doc>Logs the given message to the console.</doc>
<status status="PASS" starttime="20210320 22:09:58.395" endtime="20210320 22:09:58.396"/>
</kw>
<kw name="Create File" library="OperatingSystem">
<arg>${FNAME}</arg>
<arg>${file_content}</arg>
<doc>Creates a file with the given content and encoding.</doc>
<msg timestamp="20210320 22:09:58.399" level="INFO" html="true">Created file '&lt;a href="file:///home/arsi/amk-year3/robot/week1/test"&gt;/home/arsi/amk-year3/robot/week1/test&lt;/a&gt;'.</msg>
<status status="PASS" starttime="20210320 22:09:58.397" endtime="20210320 22:09:58.399"/>
</kw>
<kw name="Wait Until Created" library="OperatingSystem">
<arg>${FNAME}</arg>
<doc>Waits until the given file or directory is created.</doc>
<msg timestamp="20210320 22:09:58.400" level="INFO" html="true">'&lt;a href="file:///home/arsi/amk-year3/robot/week1/test"&gt;/home/arsi/amk-year3/robot/week1/test&lt;/a&gt;' was created.</msg>
<status status="PASS" starttime="20210320 22:09:58.400" endtime="20210320 22:09:58.400"/>
</kw>
<kw name="File Should Exist" library="OperatingSystem">
<arg>${FNAME}</arg>
<doc>Fails unless the given ``path`` points to an existing file.</doc>
<msg timestamp="20210320 22:09:58.403" level="INFO" html="true">File '&lt;a href="file:///home/arsi/amk-year3/robot/week1/test"&gt;/home/arsi/amk-year3/robot/week1/test&lt;/a&gt;' exists.</msg>
<status status="PASS" starttime="20210320 22:09:58.401" endtime="20210320 22:09:58.403"/>
</kw>
<status status="PASS" starttime="20210320 22:09:56.743" endtime="20210320 22:09:58.403"/>
</test>
<test id="s1-t3" name="Check Address file">
<kw name="File Should Exist" library="OperatingSystem">
<arg>${FNAME}</arg>
<doc>Fails unless the given ``path`` points to an existing file.</doc>
<msg timestamp="20210320 22:09:58.406" level="INFO" html="true">File '&lt;a href="file:///home/arsi/amk-year3/robot/week1/test"&gt;/home/arsi/amk-year3/robot/week1/test&lt;/a&gt;' exists.</msg>
<status status="PASS" starttime="20210320 22:09:58.406" endtime="20210320 22:09:58.406"/>
</kw>
<kw name="Get File" library="OperatingSystem">
<var>${file}</var>
<arg>${FNAME}</arg>
<doc>Returns the contents of a specified file.</doc>
<msg timestamp="20210320 22:09:58.407" level="INFO" html="true">Getting file '&lt;a href="file:///home/arsi/amk-year3/robot/week1/test"&gt;/home/arsi/amk-year3/robot/week1/test&lt;/a&gt;'.</msg>
<msg timestamp="20210320 22:09:58.414" level="INFO">${file} = Juhani Mäkelä-Rönkkö
Tyynylaavankuja 684
89374 Somero</msg>
<status status="PASS" starttime="20210320 22:09:58.407" endtime="20210320 22:09:58.414"/>
</kw>
<kw name="Get Line Count" library="String">
<var>${lc}</var>
<arg>${file}</arg>
<doc>Returns and logs the number of lines in the given string.</doc>
<msg timestamp="20210320 22:09:58.415" level="INFO">3 lines</msg>
<msg timestamp="20210320 22:09:58.415" level="INFO">${lc} = 3</msg>
<status status="PASS" starttime="20210320 22:09:58.414" endtime="20210320 22:09:58.415"/>
</kw>
<kw name="Should Be True" library="BuiltIn">
<arg>${lc} == 3</arg>
<doc>Fails if the given condition is not true.</doc>
<status status="PASS" starttime="20210320 22:09:58.415" endtime="20210320 22:09:58.415"/>
</kw>
<status status="PASS" starttime="20210320 22:09:58.405" endtime="20210320 22:09:58.416"/>
</test>
<status status="PASS" starttime="20210320 22:09:56.273" endtime="20210320 22:09:58.417"/>
</suite>
<statistics>
<total>
<stat pass="3" fail="0" skip="0">All Tests</stat>
</total>
<tag>
</tag>
<suite>
<stat pass="3" fail="0" skip="0" id="s1" name="1">1</stat>
</suite>
</statistics>
<errors>
</errors>
</robot>
