<?xml version="1.0" encoding="UTF-8"?>
<robot generator="Robot 4.0 (Python 3.8.5 on linux)" generated="20210319 16:56:26.269" rpa="false" schemaversion="2">
<suite id="s1" name="1" source="/home/arsi/amk-year3/robot/week1/1.robot">
<test id="s1-t1" name="Test">
<kw name="Remove existing address file">
<arg>./test</arg>
<kw name="File Should Exist" library="OperatingSystem">
<arg>${name}</arg>
<doc>Fails unless the given ``path`` points to an existing file.</doc>
<msg timestamp="20210319 16:56:26.752" level="INFO" html="true">File '&lt;a href="file:///home/arsi/amk-year3/robot/week1/test"&gt;/home/arsi/amk-year3/robot/week1/test&lt;/a&gt;' exists.</msg>
<status status="PASS" starttime="20210319 16:56:26.751" endtime="20210319 16:56:26.752"/>
</kw>
<kw name="Get File" library="OperatingSystem">
<var>${file}</var>
<arg>${name}</arg>
<doc>Returns the contents of a specified file.</doc>
<msg timestamp="20210319 16:56:26.752" level="INFO" html="true">Getting file '&lt;a href="file:///home/arsi/amk-year3/robot/week1/test"&gt;/home/arsi/amk-year3/robot/week1/test&lt;/a&gt;'.</msg>
<msg timestamp="20210319 16:56:26.752" level="INFO">${file} = first line is here
second line is here
</msg>
<status status="PASS" starttime="20210319 16:56:26.752" endtime="20210319 16:56:26.752"/>
</kw>
<kw name="Get Line" library="String">
<var>${line0}</var>
<arg>${file}</arg>
<arg>0</arg>
<doc>Returns the specified line from the given ``string``.</doc>
<msg timestamp="20210319 16:56:26.753" level="INFO">${line0} = first line is here</msg>
<status status="PASS" starttime="20210319 16:56:26.753" endtime="20210319 16:56:26.753"/>
</kw>
<kw name="Log" library="BuiltIn">
<arg>${line0}</arg>
<doc>Logs the given message with the given level.</doc>
<msg timestamp="20210319 16:56:26.753" level="INFO">first line is here</msg>
<status status="PASS" starttime="20210319 16:56:26.753" endtime="20210319 16:56:26.753"/>
</kw>
<status status="PASS" starttime="20210319 16:56:26.751" endtime="20210319 16:56:26.753"/>
</kw>
<kw name="Get random names">
<arg>5</arg>
<kw name="Should Be True" library="BuiltIn">
<arg>${count} &gt;= 1</arg>
<doc>Fails if the given condition is not true.</doc>
<status status="PASS" starttime="20210319 16:56:26.754" endtime="20210319 16:56:26.754"/>
</kw>
<kw name="FakerLibrary.Names">
<var>${names} =</var>
<arg>nb=${count}</arg>
<msg timestamp="20210319 16:56:26.761" level="FAIL">No keyword with name 'FakerLibrary.Names' found. Did you mean:
    FakerLibrary.Name
    FakerLibrary.User Name
    FakerLibrary.Name Male
    FakerLibrary.Last Name
    FakerLibrary.Hostname
    FakerLibrary.File Name
    FakerLibrary.Time
    FakerLibrary.Date
    FakerLibrary.Am Pm
    FakerLibrary.Month Name</msg>
<status status="FAIL" starttime="20210319 16:56:26.761" endtime="20210319 16:56:26.761"/>
</kw>
<kw name="Log" library="BuiltIn">
<arg>${names}</arg>
<doc>Logs the given message with the given level.</doc>
<status status="NOT RUN" starttime="20210319 16:56:26.761" endtime="20210319 16:56:26.761"/>
</kw>
<status status="FAIL" starttime="20210319 16:56:26.754" endtime="20210319 16:56:26.761"/>
</kw>
<status status="FAIL" starttime="20210319 16:56:26.750" endtime="20210319 16:56:26.762">No keyword with name 'FakerLibrary.Names' found. Did you mean:
    FakerLibrary.Name
    FakerLibrary.User Name
    FakerLibrary.Name Male
    FakerLibrary.Last Name
    FakerLibrary.Hostname
    FakerLibrary.File Name
    FakerLibrary.Time
    FakerLibrary.Date
    FakerLibrary.Am Pm
    FakerLibrary.Month Name</status>
</test>
<status status="FAIL" starttime="20210319 16:56:26.271" endtime="20210319 16:56:26.765"/>
</suite>
<statistics>
<total>
<stat pass="0" fail="1" skip="0">All Tests</stat>
</total>
<tag>
</tag>
<suite>
<stat pass="0" fail="1" skip="0" id="s1" name="1">1</stat>
</suite>
</statistics>
<errors>
</errors>
</robot>
